<?xml version="1.0" encoding="UTF-8"?>
<!-- Generated by org.testng.reporters.JUnitReportReporter -->
<testsuite hostname="DESKTOP-7FOVLSH" failures="0" tests="3" name="com.EpsomD.ProductTest.ElectronicProductTest" time="0.004" errors="0" timestamp="2024-10-29T17:30:32 IST" skipped="0">
  <testcase classname="com.EpsomD.ProductTest.ElectronicProductTest" name="updateProduct" time="0.001"/>
  <system-out/>
  <testcase classname="com.EpsomD.ProductTest.ElectronicProductTest" name="removeProduct" time="0.001"/>
  <system-out/>
  <testcase classname="com.EpsomD.ProductTest.ElectronicProductTest" name="addproduct" time="0.002"/>
  <system-out/>
</testsuite> <!-- com.EpsomD.ProductTest.ElectronicProductTest -->
