<?xml version="1.0" encoding="UTF-8"?>
<!-- Generated by org.testng.reporters.JUnitReportReporter -->
<testsuite hostname="DESKTOP-7FOVLSH" failures="0" tests="3" name="com.EpsomD.ProductTest.MensProductTest" time="0.002" errors="0" timestamp="2024-10-29T17:30:32 IST" skipped="0">
  <testcase classname="com.EpsomD.ProductTest.MensProductTest" name="updateProduct" time="0.000"/>
  <system-out/>
  <testcase classname="com.EpsomD.ProductTest.MensProductTest" name="removeProduct" time="0.001"/>
  <system-out/>
  <testcase classname="com.EpsomD.ProductTest.MensProductTest" name="addproduct" time="0.001"/>
  <system-out/>
</testsuite> <!-- com.EpsomD.ProductTest.MensProductTest -->
