<?xml version="1.0" encoding="UTF-8"?>
<!-- Generated by org.testng.reporters.JUnitReportReporter -->
<testsuite hostname="DESKTOP-7FOVLSH" failures="0" tests="3" name="com.EpsomD.WelcomTest.VerifyWelcomePageTest" time="12.048" errors="0" timestamp="2024-11-06T09:58:43 IST" skipped="0">
  <testcase classname="com.EpsomD.WelcomTest.VerifyWelcomePageTest" name="verifyWelcomepageWithValidInput" time="4.205"/>
  <system-out/>
  <testcase classname="com.EpsomD.WelcomTest.VerifyWelcomePageTest" name="verifyWelcomepageWithInValidInput" time="3.956"/>
  <system-out/>
  <testcase classname="com.EpsomD.WelcomTest.VerifyWelcomePageTest" name="verifyWelcomepageWithInValidInput" time="3.887"/>
  <system-out/>
</testsuite> <!-- com.EpsomD.WelcomTest.VerifyWelcomePageTest -->
