<?xml version="1.0" encoding="UTF-8"?>
<!-- Generated by org.testng.reporters.JUnitReportReporter -->
<testsuite hostname="DESKTOP-7FOVLSH" failures="0" tests="5" name="demo.Demotest" time="0.477" errors="0" timestamp="2024-11-05T09:30:09 IST" skipped="0">
  <testcase classname="demo.Demotest" name="DemoTest3" time="0.001"/>
  <system-out/>
  <testcase classname="demo.Demotest" name="Demotesting1" time="0.465"/>
  <system-out/>
  <testcase classname="demo.Demotest" name="DemoTest2" time="0.008"/>
  <system-out/>
  <testcase classname="demo.Demotest" name="DemoTest4" time="0.001"/>
  <system-out/>
  <testcase classname="demo.Demotest" name="DemoTest5" time="0.002"/>
  <system-out/>
</testsuite> <!-- demo.Demotest -->
